<?xml version="1.0" encoding="UTF-8"?>
<!-- Generated by org.testng.reporters.JUnitReportReporter -->
<testsuite hostname="DESKTOP-76KLOET" failures="0" tests="2" name="SRP.tests.LoginTests" time="33.466" errors="0" timestamp="2021-01-18T23:52:27 IST" skipped="0">
  <testcase classname="SRP.tests.LoginTests" name="loginInvalidPassword" time="27.102"/>
  <system-out/>
  <testcase classname="SRP.tests.LoginTests" name="loginValidCredentials" time="6.364"/>
  <system-out/>
</testsuite> <!-- SRP.tests.LoginTests -->
