<?xml version="1.0" encoding="UTF-8"?>
<!-- Generated by org.testng.reporters.JUnitReportReporter -->
<testsuite hostname="DESKTOP-76KLOET" failures="0" tests="3" name="SRP.Tests.GooglePageTest" time="32.243" errors="0" timestamp="2021-01-18T22:04:11 IST" skipped="0">
  <testcase classname="SRP.Tests.GooglePageTest" name="HomePageTest" time="8.911"/>
  <system-out/>
  <testcase classname="SRP.Tests.GooglePageTest" name="HomePageTest" time="8.439"/>
  <system-out/>
  <testcase classname="SRP.Tests.GooglePageTest" name="HomePageTest" time="14.893"/>
  <system-out/>
</testsuite> <!-- SRP.Tests.GooglePageTest -->
